<?xml version="1.0" encoding="UTF-8"?>
<testng-results skipped="0" failed="0" ignored="0" total="1" passed="1">
  <reporter-output>
  </reporter-output>
  <suite name="Suite" duration-ms="41" started-at="2019-11-15T11:48:37 CST" finished-at="2019-11-15T11:48:37 CST">
    <groups>
    </groups>
    <test name="Test" duration-ms="41" started-at="2019-11-15T11:48:37 CST" finished-at="2019-11-15T11:48:37 CST">
      <class name="com.testCase.testNGSample">
        <test-method status="PASS" signature="f()[pri:0, instance:com.testCase.testNGSample@1d16f93d]" name="f" duration-ms="10" started-at="2019-11-15T11:48:37 CST" finished-at="2019-11-15T11:48:37 CST">
          <reporter-output>
          </reporter-output>
        </test-method> <!-- f -->
      </class> <!-- com.testCase.testNGSample -->
    </test> <!-- Test -->
  </suite> <!-- Suite -->
</testng-results>
